12:36:45.991 [main] INFO  testCases.Tc_003_LoginDDT - **starting Tc_003_LoginDDT test 
12:36:48.223 [main] INFO  testCases.Tc_003_LoginDDT -  Finished TC_003_LoginDataDrivenTest
12:36:48.255 [main] INFO  testCases.Tc_003_LoginDDT - **starting Tc_003_LoginDDT test 
12:36:49.720 [main] INFO  testCases.Tc_003_LoginDDT -  Finished TC_003_LoginDataDrivenTest
12:36:49.733 [main] INFO  testCases.Tc_003_LoginDDT - **starting Tc_003_LoginDDT test 
12:36:51.162 [main] INFO  testCases.Tc_003_LoginDDT -  Finished TC_003_LoginDataDrivenTest
12:36:51.167 [main] INFO  testCases.Tc_003_LoginDDT - **starting Tc_003_LoginDDT test 
12:36:52.649 [main] INFO  testCases.Tc_003_LoginDDT -  Finished TC_003_LoginDataDrivenTest
12:36:52.654 [main] INFO  testCases.Tc_003_LoginDDT - **starting Tc_003_LoginDDT test 
12:36:54.137 [main] INFO  testCases.Tc_003_LoginDDT -  Finished TC_003_LoginDataDrivenTest
12:36:54.142 [main] INFO  testCases.Tc_003_LoginDDT - **starting Tc_003_LoginDDT test 
12:36:55.936 [main] INFO  testCases.Tc_003_LoginDDT -  Finished TC_003_LoginDataDrivenTest
12:38:30.365 [main] INFO  testCases.Tc_003_LoginDDT - **starting Tc_003_LoginDDT test 
12:38:34.871 [main] INFO  testCases.Tc_003_LoginDDT -  Finished TC_003_LoginDataDrivenTest
12:38:34.909 [main] INFO  testCases.Tc_003_LoginDDT - **starting Tc_003_LoginDDT test 
12:38:46.259 [main] INFO  testCases.Tc_003_LoginDDT - **starting Tc_003_LoginDDT test 
12:38:48.801 [main] INFO  testCases.Tc_003_LoginDDT -  Finished TC_003_LoginDataDrivenTest
12:38:48.806 [main] INFO  testCases.Tc_003_LoginDDT - **starting Tc_003_LoginDDT test 
12:38:50.660 [main] INFO  testCases.Tc_003_LoginDDT -  Finished TC_003_LoginDataDrivenTest
12:38:50.665 [main] INFO  testCases.Tc_003_LoginDDT - **starting Tc_003_LoginDDT test 
12:38:52.860 [main] INFO  testCases.Tc_003_LoginDDT -  Finished TC_003_LoginDataDrivenTest
12:38:52.867 [main] INFO  testCases.Tc_003_LoginDDT - **starting Tc_003_LoginDDT test 
12:38:54.792 [main] INFO  testCases.Tc_003_LoginDDT -  Finished TC_003_LoginDataDrivenTest
12:41:28.036 [main] INFO  testCases.Tc_003_LoginDDT - **starting Tc_003_LoginDDT test 
12:41:32.022 [main] INFO  testCases.Tc_003_LoginDDT -  Finished TC_003_LoginDataDrivenTest
12:41:32.065 [main] INFO  testCases.Tc_003_LoginDDT - **starting Tc_003_LoginDDT test 
12:41:43.662 [main] INFO  testCases.Tc_003_LoginDDT - **starting Tc_003_LoginDDT test 
12:41:45.864 [main] INFO  testCases.Tc_003_LoginDDT -  Finished TC_003_LoginDataDrivenTest
12:41:45.874 [main] INFO  testCases.Tc_003_LoginDDT - **starting Tc_003_LoginDDT test 
12:41:47.578 [main] INFO  testCases.Tc_003_LoginDDT -  Finished TC_003_LoginDataDrivenTest
12:41:47.583 [main] INFO  testCases.Tc_003_LoginDDT - **starting Tc_003_LoginDDT test 
12:41:49.802 [main] INFO  testCases.Tc_003_LoginDDT -  Finished TC_003_LoginDataDrivenTest
12:41:49.812 [main] INFO  testCases.Tc_003_LoginDDT - **starting Tc_003_LoginDDT test 
12:41:52.264 [main] INFO  testCases.Tc_003_LoginDDT -  Finished TC_003_LoginDataDrivenTest
12:44:32.054 [main] INFO  testCases.Tc_003_LoginDDT - **starting Tc_003_LoginDDT test 
12:44:50.588 [main] INFO  testCases.Tc_003_LoginDDT -  Finished TC_003_LoginDataDrivenTest
12:44:50.635 [main] INFO  testCases.Tc_003_LoginDDT - **starting Tc_003_LoginDDT test 
12:45:03.152 [main] INFO  testCases.Tc_003_LoginDDT - **starting Tc_003_LoginDDT test 
12:45:16.888 [main] INFO  testCases.Tc_003_LoginDDT - **starting Tc_003_LoginDDT test 
12:45:34.074 [main] INFO  testCases.Tc_003_LoginDDT -  Finished TC_003_LoginDataDrivenTest
12:45:34.083 [main] INFO  testCases.Tc_003_LoginDDT - **starting Tc_003_LoginDDT test 
12:45:57.123 [main] INFO  testCases.Tc_003_LoginDDT - **starting Tc_003_LoginDDT test 
12:46:01.267 [main] INFO  testCases.Tc_003_LoginDDT -  Finished TC_003_LoginDataDrivenTest
12:46:01.301 [main] INFO  testCases.Tc_003_LoginDDT - **starting Tc_003_LoginDDT test 
12:46:13.075 [main] INFO  testCases.Tc_003_LoginDDT - **starting Tc_003_LoginDDT test 
12:46:25.295 [main] INFO  testCases.Tc_003_LoginDDT - **starting Tc_003_LoginDDT test 
12:46:40.395 [main] INFO  testCases.Tc_003_LoginDDT - **starting Tc_003_LoginDDT test 
12:46:52.193 [main] INFO  testCases.Tc_003_LoginDDT - **starting Tc_003_LoginDDT test 
12:46:54.120 [main] INFO  testCases.Tc_003_LoginDDT -  Finished TC_003_LoginDataDrivenTest
13:21:56.421 [main] INFO  testCases.Tc_003_LoginDDT - **starting Tc_003_LoginDDT test 
13:21:58.948 [main] INFO  testCases.Tc_003_LoginDDT -  Finished TC_003_LoginDataDrivenTest
13:21:59.010 [main] INFO  testCases.Tc_003_LoginDDT - **starting Tc_003_LoginDDT test 
13:22:10.934 [main] INFO  testCases.Tc_003_LoginDDT - **starting Tc_003_LoginDDT test 
13:22:23.379 [main] INFO  testCases.Tc_003_LoginDDT - **starting Tc_003_LoginDDT test 
13:22:35.072 [main] INFO  testCases.Tc_003_LoginDDT - **starting Tc_003_LoginDDT test 
13:22:46.643 [main] INFO  testCases.Tc_003_LoginDDT - **starting Tc_003_LoginDDT test 
13:22:48.153 [main] INFO  testCases.Tc_003_LoginDDT -  Finished TC_003_LoginDataDrivenTest
14:40:06.190 [main] INFO  testCases.Tc_002_LoginTest - ***Tc_002_LoginTest***
14:40:07.476 [main] INFO  testCases.Tc_002_LoginTest - clicked on login link and page is visible
14:40:08.493 [main] INFO  testCases.Tc_002_LoginTest - clicked on login button
14:41:01.106 [main] INFO  testCases.Tc_002_LoginTest - ***Tc_002_LoginTest***
14:41:04.195 [main] INFO  testCases.Tc_002_LoginTest - clicked on login link and page is visible
14:41:07.421 [main] INFO  testCases.Tc_002_LoginTest - clicked on login button
10:09:49.097 [main] INFO  testCases.TC_003_LoginDDT - ***TC_003_LoginDDT***
10:09:51.097 [main] INFO  testCases.TC_003_LoginDDT - clicked on login button
10:09:51.413 [main] INFO  testCases.TC_003_LoginDDT - ***TC_003_LoginDDT***
10:09:52.667 [main] INFO  testCases.TC_003_LoginDDT - clicked on login button
10:09:52.882 [main] INFO  testCases.TC_003_LoginDDT - ***TC_003_LoginDDT***
10:09:54.092 [main] INFO  testCases.TC_003_LoginDDT - clicked on login button
10:09:54.310 [main] INFO  testCases.TC_003_LoginDDT - ***TC_003_LoginDDT***
10:09:56.216 [main] INFO  testCases.TC_003_LoginDDT - clicked on login button
10:09:56.454 [main] INFO  testCases.TC_003_LoginDDT - ***TC_003_LoginDDT***
10:10:00.019 [main] INFO  testCases.TC_003_LoginDDT - clicked on login button
10:10:00.350 [main] INFO  testCases.TC_003_LoginDDT - ***TC_003_LoginDDT***
10:10:01.914 [main] INFO  testCases.TC_003_LoginDDT - clicked on login button
10:11:23.813 [main] INFO  testCases.TC_003_LoginDDT - ***TC_003_LoginDDT***
10:11:25.787 [main] INFO  testCases.TC_003_LoginDDT - clicked on login button
10:11:36.379 [main] INFO  testCases.TC_003_LoginDDT - ***TC_003_LoginDDT***
10:11:38.334 [main] INFO  testCases.TC_003_LoginDDT - clicked on login button
10:11:48.802 [main] INFO  testCases.TC_003_LoginDDT - ***TC_003_LoginDDT***
10:11:50.526 [main] INFO  testCases.TC_003_LoginDDT - clicked on login button
10:12:00.937 [main] INFO  testCases.TC_003_LoginDDT - ***TC_003_LoginDDT***
10:12:02.373 [main] INFO  testCases.TC_003_LoginDDT - clicked on login button
10:12:12.657 [main] INFO  testCases.TC_003_LoginDDT - ***TC_003_LoginDDT***
10:12:13.906 [main] INFO  testCases.TC_003_LoginDDT - clicked on login button
10:12:24.325 [main] INFO  testCases.TC_003_LoginDDT - ***TC_003_LoginDDT***
10:12:25.532 [main] INFO  testCases.TC_003_LoginDDT - clicked on login button
10:14:06.397 [main] INFO  testCases.TC_003_LoginDDT - ***TC_003_LoginDDT***
10:14:10.240 [main] INFO  testCases.TC_003_LoginDDT - clicked on login button
10:14:11.303 [main] INFO  testCases.TC_003_LoginDDT - ***TC_003_LoginDDT***
10:14:12.654 [main] INFO  testCases.TC_003_LoginDDT - clicked on login button
10:14:23.170 [main] INFO  testCases.TC_003_LoginDDT - ***TC_003_LoginDDT***
10:14:24.829 [main] INFO  testCases.TC_003_LoginDDT - clicked on login button
10:14:35.136 [main] INFO  testCases.TC_003_LoginDDT - ***TC_003_LoginDDT***
10:14:36.654 [main] INFO  testCases.TC_003_LoginDDT - clicked on login button
10:14:47.285 [main] INFO  testCases.TC_003_LoginDDT - ***TC_003_LoginDDT***
10:14:50.022 [main] INFO  testCases.TC_003_LoginDDT - clicked on login button
10:15:00.252 [main] INFO  testCases.TC_003_LoginDDT - ***TC_003_LoginDDT***
10:15:02.055 [main] INFO  testCases.TC_003_LoginDDT - clicked on login button
10:38:11.630 [main] INFO  testCases.TC_001_AccountRegistrationTest - ****TC_001_AccountRegistrationTest has started*****
10:38:11.785 [main] INFO  testCases.TC_001_AccountRegistrationTest - First name is entered
10:38:11.944 [main] INFO  testCases.TC_001_AccountRegistrationTest - Last name is entered
10:38:12.108 [main] INFO  testCases.TC_001_AccountRegistrationTest - email is entered
10:38:12.254 [main] INFO  testCases.TC_001_AccountRegistrationTest - Password is set
10:38:12.391 [main] INFO  testCases.TC_001_AccountRegistrationTest - password is confirmed
10:38:12.824 [main] INFO  testCases.TC_001_AccountRegistrationTest - Register button clicked
10:38:20.449 [main] INFO  testCases.Tc_002_LoginTest - ***Tc_002_LoginTest***
10:38:21.227 [main] INFO  testCases.Tc_002_LoginTest - clicked on login link and page is visible
10:38:23.724 [main] INFO  testCases.Tc_002_LoginTest - clicked on login button
10:39:44.255 [main] INFO  testCases.TC_001_AccountRegistrationTest - ****TC_001_AccountRegistrationTest has started*****
10:39:44.415 [main] INFO  testCases.TC_001_AccountRegistrationTest - First name is entered
10:39:44.611 [main] INFO  testCases.TC_001_AccountRegistrationTest - Last name is entered
10:39:44.787 [main] INFO  testCases.TC_001_AccountRegistrationTest - email is entered
10:39:44.926 [main] INFO  testCases.TC_001_AccountRegistrationTest - Password is set
10:39:45.072 [main] INFO  testCases.TC_001_AccountRegistrationTest - password is confirmed
10:39:45.483 [main] INFO  testCases.TC_001_AccountRegistrationTest - Register button clicked
10:39:54.322 [main] INFO  testCases.Tc_002_LoginTest - ***Tc_002_LoginTest***
11:37:22.293 [main] INFO  testCases.TC_001_AccountRegistrationTest - ****TC_001_AccountRegistrationTest has started*****
11:37:22.471 [main] INFO  testCases.TC_001_AccountRegistrationTest - First name is entered
11:37:22.637 [main] INFO  testCases.TC_001_AccountRegistrationTest - Last name is entered
11:37:22.796 [main] INFO  testCases.TC_001_AccountRegistrationTest - email is entered
11:37:22.935 [main] INFO  testCases.TC_001_AccountRegistrationTest - Password is set
11:37:23.073 [main] INFO  testCases.TC_001_AccountRegistrationTest - password is confirmed
11:37:23.939 [main] INFO  testCases.TC_001_AccountRegistrationTest - Register button clicked
11:37:30.237 [main] INFO  testCases.Tc_002_LoginTest - ***Tc_002_LoginTest***
11:37:31.636 [main] INFO  testCases.Tc_002_LoginTest - clicked on login link and page is visible
11:37:33.264 [main] INFO  testCases.Tc_002_LoginTest - clicked on login button
11:38:28.299 [main] INFO  testCases.TC_001_AccountRegistrationTest - ****TC_001_AccountRegistrationTest has started*****
11:38:28.434 [main] INFO  testCases.TC_001_AccountRegistrationTest - First name is entered
11:38:28.581 [main] INFO  testCases.TC_001_AccountRegistrationTest - Last name is entered
11:38:28.718 [main] INFO  testCases.TC_001_AccountRegistrationTest - email is entered
11:38:28.843 [main] INFO  testCases.TC_001_AccountRegistrationTest - Password is set
11:38:28.989 [main] INFO  testCases.TC_001_AccountRegistrationTest - password is confirmed
11:38:29.569 [main] INFO  testCases.TC_001_AccountRegistrationTest - Register button clicked
11:38:33.552 [main] INFO  testCases.Tc_002_LoginTest - ***Tc_002_LoginTest***
11:38:34.576 [main] INFO  testCases.Tc_002_LoginTest - clicked on login link and page is visible
11:38:35.922 [main] INFO  testCases.Tc_002_LoginTest - clicked on login button
11:39:28.620 [main] INFO  testCases.TC_001_AccountRegistrationTest - ****TC_001_AccountRegistrationTest has started*****
11:39:28.775 [main] INFO  testCases.TC_001_AccountRegistrationTest - First name is entered
11:39:28.923 [main] INFO  testCases.TC_001_AccountRegistrationTest - Last name is entered
11:39:29.063 [main] INFO  testCases.TC_001_AccountRegistrationTest - email is entered
11:39:29.185 [main] INFO  testCases.TC_001_AccountRegistrationTest - Password is set
11:39:29.313 [main] INFO  testCases.TC_001_AccountRegistrationTest - password is confirmed
11:39:29.688 [main] INFO  testCases.TC_001_AccountRegistrationTest - Register button clicked
11:39:33.672 [main] INFO  testCases.Tc_002_LoginTest - ***Tc_002_LoginTest***
11:39:34.691 [main] INFO  testCases.Tc_002_LoginTest - clicked on login link and page is visible
11:39:36.039 [main] INFO  testCases.Tc_002_LoginTest - clicked on login button
11:40:51.951 [main] INFO  testCases.TC_001_AccountRegistrationTest - ****TC_001_AccountRegistrationTest has started*****
11:40:52.092 [main] INFO  testCases.TC_001_AccountRegistrationTest - First name is entered
11:40:52.264 [main] INFO  testCases.TC_001_AccountRegistrationTest - Last name is entered
11:40:52.437 [main] INFO  testCases.TC_001_AccountRegistrationTest - email is entered
11:40:52.599 [main] INFO  testCases.TC_001_AccountRegistrationTest - Password is set
11:40:52.721 [main] INFO  testCases.TC_001_AccountRegistrationTest - password is confirmed
11:40:53.520 [main] INFO  testCases.TC_001_AccountRegistrationTest - Register button clicked
11:40:56.636 [main] INFO  testCases.Tc_002_LoginTest - ***Tc_002_LoginTest***
11:40:57.769 [main] INFO  testCases.Tc_002_LoginTest - clicked on login link and page is visible
11:40:58.929 [main] INFO  testCases.Tc_002_LoginTest - clicked on login button
11:42:12.025 [main] INFO  testCases.TC_001_AccountRegistrationTest - ****TC_001_AccountRegistrationTest has started*****
11:42:12.165 [main] INFO  testCases.TC_001_AccountRegistrationTest - First name is entered
11:42:12.315 [main] INFO  testCases.TC_001_AccountRegistrationTest - Last name is entered
11:42:12.454 [main] INFO  testCases.TC_001_AccountRegistrationTest - email is entered
11:42:12.581 [main] INFO  testCases.TC_001_AccountRegistrationTest - Password is set
11:42:12.702 [main] INFO  testCases.TC_001_AccountRegistrationTest - password is confirmed
11:42:13.524 [main] INFO  testCases.TC_001_AccountRegistrationTest - Register button clicked
11:42:17.444 [main] INFO  testCases.Tc_002_LoginTest - ***Tc_002_LoginTest***
11:42:18.467 [main] INFO  testCases.Tc_002_LoginTest - clicked on login link and page is visible
11:42:20.429 [main] INFO  testCases.Tc_002_LoginTest - clicked on login button
11:45:04.257 [main] INFO  testCases.TC_001_AccountRegistrationTest - ****TC_001_AccountRegistrationTest has started*****
11:45:04.404 [main] INFO  testCases.TC_001_AccountRegistrationTest - First name is entered
11:45:04.548 [main] INFO  testCases.TC_001_AccountRegistrationTest - Last name is entered
11:45:04.698 [main] INFO  testCases.TC_001_AccountRegistrationTest - email is entered
11:45:04.819 [main] INFO  testCases.TC_001_AccountRegistrationTest - Password is set
11:45:04.943 [main] INFO  testCases.TC_001_AccountRegistrationTest - password is confirmed
11:45:05.367 [main] INFO  testCases.TC_001_AccountRegistrationTest - Register button clicked
11:45:09.321 [main] INFO  testCases.Tc_002_LoginTest - ***Tc_002_LoginTest***
11:45:09.905 [main] INFO  testCases.Tc_002_LoginTest - clicked on login link and page is visible
11:45:11.179 [main] INFO  testCases.Tc_002_LoginTest - clicked on login button
11:46:08.235 [main] INFO  testCases.Tc_002_LoginTest - ***Tc_002_LoginTest***
11:46:09.361 [main] INFO  testCases.Tc_002_LoginTest - clicked on login link and page is visible
11:46:10.876 [main] INFO  testCases.Tc_002_LoginTest - clicked on login button
12:07:47.707 [main] INFO  testCases.TC_001_AccountRegistrationTest - ****TC_001_AccountRegistrationTest has started*****
12:07:47.842 [main] INFO  testCases.TC_001_AccountRegistrationTest - First name is entered
12:07:47.998 [main] INFO  testCases.TC_001_AccountRegistrationTest - Last name is entered
12:07:48.138 [main] INFO  testCases.TC_001_AccountRegistrationTest - email is entered
12:07:48.260 [main] INFO  testCases.TC_001_AccountRegistrationTest - Password is set
12:07:48.384 [main] INFO  testCases.TC_001_AccountRegistrationTest - password is confirmed
12:07:48.783 [main] INFO  testCases.TC_001_AccountRegistrationTest - Register button clicked
12:07:52.488 [main] INFO  testCases.Tc_002_LoginTest - ***Tc_002_LoginTest***
12:07:53.636 [main] INFO  testCases.Tc_002_LoginTest - clicked on login link and page is visible
12:07:54.899 [main] INFO  testCases.Tc_002_LoginTest - clicked on login button
12:09:16.310 [main] INFO  testCases.TC_001_AccountRegistrationTest - ****TC_001_AccountRegistrationTest has started*****
12:09:16.448 [main] INFO  testCases.TC_001_AccountRegistrationTest - First name is entered
12:09:16.593 [main] INFO  testCases.TC_001_AccountRegistrationTest - Last name is entered
12:09:16.736 [main] INFO  testCases.TC_001_AccountRegistrationTest - email is entered
12:09:16.858 [main] INFO  testCases.TC_001_AccountRegistrationTest - Password is set
12:09:16.978 [main] INFO  testCases.TC_001_AccountRegistrationTest - password is confirmed
12:09:17.902 [main] INFO  testCases.TC_001_AccountRegistrationTest - Register button clicked
12:09:17.954 [main] INFO  testCases.TC_001_AccountRegistrationTest - registered
12:09:17.954 [main] INFO  testCases.TC_001_AccountRegistrationTest - ****TC_001_AccountRegistrationTest has finished*****
12:13:15.783 [main] INFO  testCases.TC_001_AccountRegistrationTest - ****TC_001_AccountRegistrationTest has started*****
12:13:15.921 [main] INFO  testCases.TC_001_AccountRegistrationTest - First name is entered
12:13:16.078 [main] INFO  testCases.TC_001_AccountRegistrationTest - Last name is entered
12:13:16.214 [main] INFO  testCases.TC_001_AccountRegistrationTest - email is entered
12:13:16.341 [main] INFO  testCases.TC_001_AccountRegistrationTest - Password is set
12:13:16.461 [main] INFO  testCases.TC_001_AccountRegistrationTest - password is confirmed
12:13:16.888 [main] INFO  testCases.TC_001_AccountRegistrationTest - Register button clicked
12:13:20.696 [main] INFO  testCases.Tc_002_LoginTest - ***Tc_002_LoginTest***
12:13:21.864 [main] INFO  testCases.Tc_002_LoginTest - clicked on login link and page is visible
12:13:23.062 [main] INFO  testCases.Tc_002_LoginTest - clicked on login button
12:14:58.827 [main] INFO  testCases.TC_001_AccountRegistrationTest - ****TC_001_AccountRegistrationTest has started*****
12:14:58.973 [main] INFO  testCases.TC_001_AccountRegistrationTest - First name is entered
12:14:59.133 [main] INFO  testCases.TC_001_AccountRegistrationTest - Last name is entered
12:14:59.274 [main] INFO  testCases.TC_001_AccountRegistrationTest - email is entered
12:14:59.393 [main] INFO  testCases.TC_001_AccountRegistrationTest - Password is set
12:14:59.518 [main] INFO  testCases.TC_001_AccountRegistrationTest - password is confirmed
12:15:00.364 [main] INFO  testCases.TC_001_AccountRegistrationTest - Register button clicked
12:15:00.421 [main] INFO  testCases.TC_001_AccountRegistrationTest - registered
12:15:00.421 [main] INFO  testCases.TC_001_AccountRegistrationTest - ****TC_001_AccountRegistrationTest has finished*****
12:15:06.523 [main] INFO  testCases.Tc_002_LoginTest - ***Tc_002_LoginTest***
12:15:07.592 [main] INFO  testCases.Tc_002_LoginTest - clicked on login link and page is visible
12:15:09.042 [main] INFO  testCases.Tc_002_LoginTest - clicked on login button
13:09:47.131 [main] INFO  testCases.TC_001_AccountRegistrationTest - ****TC_001_AccountRegistrationTest has started*****
13:09:47.275 [main] INFO  testCases.TC_001_AccountRegistrationTest - First name is entered
13:09:47.431 [main] INFO  testCases.TC_001_AccountRegistrationTest - Last name is entered
13:09:47.569 [main] INFO  testCases.TC_001_AccountRegistrationTest - email is entered
13:09:47.688 [main] INFO  testCases.TC_001_AccountRegistrationTest - Password is set
13:09:47.808 [main] INFO  testCases.TC_001_AccountRegistrationTest - password is confirmed
13:09:48.649 [main] INFO  testCases.TC_001_AccountRegistrationTest - Register button clicked
13:09:48.700 [main] INFO  testCases.TC_001_AccountRegistrationTest - registered
13:09:48.700 [main] INFO  testCases.TC_001_AccountRegistrationTest - ****TC_001_AccountRegistrationTest has finished*****
13:09:55.430 [main] INFO  testCases.Tc_002_LoginTest - ***Tc_002_LoginTest***
13:09:56.489 [main] INFO  testCases.Tc_002_LoginTest - clicked on login link and page is visible
13:09:57.861 [main] INFO  testCases.Tc_002_LoginTest - clicked on login button
13:11:07.045 [main] INFO  testCases.TC_001_AccountRegistrationTest - ****TC_001_AccountRegistrationTest has started*****
13:11:07.204 [main] INFO  testCases.TC_001_AccountRegistrationTest - First name is entered
13:11:07.361 [main] INFO  testCases.TC_001_AccountRegistrationTest - Last name is entered
13:11:07.505 [main] INFO  testCases.TC_001_AccountRegistrationTest - email is entered
13:11:07.628 [main] INFO  testCases.TC_001_AccountRegistrationTest - Password is set
13:11:07.753 [main] INFO  testCases.TC_001_AccountRegistrationTest - password is confirmed
13:11:08.218 [main] INFO  testCases.TC_001_AccountRegistrationTest - Register button clicked
14:23:40.726 [main] INFO  testCases.TC_003_LoginDDT - ***TC_003_LoginDDT***
14:23:43.108 [main] INFO  testCases.TC_003_LoginDDT - clicked on login button
14:23:53.726 [main] INFO  testCases.TC_003_LoginDDT - ***TC_003_LoginDDT***
14:23:56.061 [main] INFO  testCases.TC_003_LoginDDT - clicked on login button
14:24:06.427 [main] INFO  testCases.TC_003_LoginDDT - ***TC_003_LoginDDT***
14:24:07.921 [main] INFO  testCases.TC_003_LoginDDT - clicked on login button
14:24:18.278 [main] INFO  testCases.TC_003_LoginDDT - ***TC_003_LoginDDT***
14:24:19.696 [main] INFO  testCases.TC_003_LoginDDT - clicked on login button
14:24:30.176 [main] INFO  testCases.TC_003_LoginDDT - ***TC_003_LoginDDT***
14:24:31.670 [main] INFO  testCases.TC_003_LoginDDT - clicked on login button
14:24:41.918 [main] INFO  testCases.TC_003_LoginDDT - ***TC_003_LoginDDT***
14:24:43.266 [main] INFO  testCases.TC_003_LoginDDT - clicked on login button
14:26:28.590 [main] INFO  testCases.TC_003_LoginDDT - ***TC_003_LoginDDT***
14:26:32.113 [main] INFO  testCases.TC_003_LoginDDT - clicked on login button
14:26:33.317 [main] INFO  testCases.TC_003_LoginDDT - ***TC_003_LoginDDT***
14:26:34.769 [main] INFO  testCases.TC_003_LoginDDT - clicked on login button
14:26:45.552 [main] INFO  testCases.TC_003_LoginDDT - ***TC_003_LoginDDT***
14:26:47.912 [main] INFO  testCases.TC_003_LoginDDT - clicked on login button
14:26:58.218 [main] INFO  testCases.TC_003_LoginDDT - ***TC_003_LoginDDT***
14:26:59.568 [main] INFO  testCases.TC_003_LoginDDT - clicked on login button
14:27:10.088 [main] INFO  testCases.TC_003_LoginDDT - ***TC_003_LoginDDT***
14:27:11.423 [main] INFO  testCases.TC_003_LoginDDT - clicked on login button
14:27:21.884 [main] INFO  testCases.TC_003_LoginDDT - ***TC_003_LoginDDT***
14:27:23.800 [main] INFO  testCases.TC_003_LoginDDT - clicked on login button
15:07:40.966 [main] INFO  testCases.Tc_002_LoginTest - ***Tc_002_LoginTest***
15:07:42.459 [main] INFO  testCases.Tc_002_LoginTest - clicked on login link and page is visible
15:07:43.534 [main] INFO  testCases.Tc_002_LoginTest - clicked on login button
15:08:25.559 [main] INFO  testCases.TC_001_AccountRegistrationTest - ****TC_001_AccountRegistrationTest has started*****
15:08:25.793 [main] INFO  testCases.TC_001_AccountRegistrationTest - First name is entered
15:08:25.997 [main] INFO  testCases.TC_001_AccountRegistrationTest - Last name is entered
15:08:26.178 [main] INFO  testCases.TC_001_AccountRegistrationTest - email is entered
15:08:26.361 [main] INFO  testCases.TC_001_AccountRegistrationTest - Password is set
15:08:26.522 [main] INFO  testCases.TC_001_AccountRegistrationTest - password is confirmed
15:08:27.511 [main] INFO  testCases.TC_001_AccountRegistrationTest - Register button clicked
15:08:27.583 [main] INFO  testCases.TC_001_AccountRegistrationTest - registered
15:08:27.584 [main] INFO  testCases.TC_001_AccountRegistrationTest - ****TC_001_AccountRegistrationTest has finished*****
15:08:35.158 [main] INFO  testCases.Tc_002_LoginTest - ***Tc_002_LoginTest***
15:08:36.370 [main] INFO  testCases.Tc_002_LoginTest - clicked on login link and page is visible
15:08:38.169 [main] INFO  testCases.Tc_002_LoginTest - clicked on login button
15:14:04.188 [main] INFO  testCases.Tc_002_LoginTest - ***Tc_002_LoginTest***
15:14:05.471 [main] INFO  testCases.Tc_002_LoginTest - clicked on login link and page is visible
15:14:06.326 [main] INFO  testCases.Tc_002_LoginTest - clicked on login button
15:16:01.580 [main] INFO  testCases.Tc_002_LoginTest - ***Tc_002_LoginTest***
15:16:02.389 [main] INFO  testCases.Tc_002_LoginTest - clicked on login link and page is visible
15:16:03.400 [main] INFO  testCases.Tc_002_LoginTest - clicked on login button
15:16:54.965 [main] INFO  testCases.Tc_002_LoginTest - ***Tc_002_LoginTest***
15:16:56.194 [main] INFO  testCases.Tc_002_LoginTest - clicked on login link and page is visible
15:16:57.276 [main] INFO  testCases.Tc_002_LoginTest - clicked on login button
15:18:20.285 [main] INFO  testCases.Tc_002_LoginTest - ***Tc_002_LoginTest***
15:18:21.512 [main] INFO  testCases.Tc_002_LoginTest - clicked on login link and page is visible
15:18:22.380 [main] INFO  testCases.Tc_002_LoginTest - clicked on login button
15:22:12.489 [main] INFO  testCases.TC_001_AccountRegistrationTest - ****TC_001_AccountRegistrationTest has started*****
15:22:12.694 [main] INFO  testCases.TC_001_AccountRegistrationTest - First name is entered
15:22:12.914 [main] INFO  testCases.TC_001_AccountRegistrationTest - Last name is entered
15:22:13.136 [main] INFO  testCases.TC_001_AccountRegistrationTest - email is entered
15:22:13.301 [main] INFO  testCases.TC_001_AccountRegistrationTest - Password is set
15:22:13.467 [main] INFO  testCases.TC_001_AccountRegistrationTest - password is confirmed
15:22:17.957 [main] INFO  testCases.TC_001_AccountRegistrationTest - Register button clicked
15:22:25.716 [main] INFO  testCases.Tc_002_LoginTest - ***Tc_002_LoginTest***
15:22:28.287 [main] INFO  testCases.Tc_002_LoginTest - clicked on login link and page is visible
15:22:33.794 [main] INFO  testCases.Tc_002_LoginTest - clicked on login button
15:24:59.798 [main] INFO  testCases.TC_001_AccountRegistrationTest - ****TC_001_AccountRegistrationTest has started*****
15:25:00.022 [main] INFO  testCases.TC_001_AccountRegistrationTest - First name is entered
15:25:00.306 [main] INFO  testCases.TC_001_AccountRegistrationTest - Last name is entered
15:25:00.510 [main] INFO  testCases.TC_001_AccountRegistrationTest - email is entered
15:25:00.677 [main] INFO  testCases.TC_001_AccountRegistrationTest - Password is set
15:25:00.889 [main] INFO  testCases.TC_001_AccountRegistrationTest - password is confirmed
15:25:01.615 [main] INFO  testCases.TC_001_AccountRegistrationTest - Register button clicked
10:26:32.048 [main] INFO  testCases.TC_001_AccountRegistrationTest - ****TC_001_AccountRegistrationTest has started*****
10:26:32.287 [main] INFO  testCases.TC_001_AccountRegistrationTest - First name is entered
10:26:32.460 [main] INFO  testCases.TC_001_AccountRegistrationTest - Last name is entered
10:26:32.626 [main] INFO  testCases.TC_001_AccountRegistrationTest - email is entered
10:26:32.779 [main] INFO  testCases.TC_001_AccountRegistrationTest - Password is set
10:26:32.932 [main] INFO  testCases.TC_001_AccountRegistrationTest - password is confirmed
10:26:33.812 [main] INFO  testCases.TC_001_AccountRegistrationTest - Register button clicked
10:26:33.881 [main] INFO  testCases.TC_001_AccountRegistrationTest - registered
10:26:33.881 [main] INFO  testCases.TC_001_AccountRegistrationTest - ****TC_001_AccountRegistrationTest has finished*****
10:26:42.107 [main] INFO  testCases.Tc_002_LoginTest - ***Tc_002_LoginTest***
10:26:43.384 [main] INFO  testCases.Tc_002_LoginTest - clicked on login link and page is visible
10:26:45.842 [main] INFO  testCases.Tc_002_LoginTest - clicked on login button
11:49:19.965 [main] INFO  testCases.TC_001_AccountRegistrationTest - ****TC_001_AccountRegistrationTest has started*****
11:49:20.147 [main] INFO  testCases.TC_001_AccountRegistrationTest - First name is entered
11:49:20.297 [main] INFO  testCases.TC_001_AccountRegistrationTest - Last name is entered
11:49:20.442 [main] INFO  testCases.TC_001_AccountRegistrationTest - email is entered
11:49:20.571 [main] INFO  testCases.TC_001_AccountRegistrationTest - Password is set
11:49:20.694 [main] INFO  testCases.TC_001_AccountRegistrationTest - password is confirmed
11:49:21.536 [main] INFO  testCases.TC_001_AccountRegistrationTest - Register button clicked
11:49:21.593 [main] INFO  testCases.TC_001_AccountRegistrationTest - registered
11:49:21.593 [main] INFO  testCases.TC_001_AccountRegistrationTest - ****TC_001_AccountRegistrationTest has finished*****
11:49:28.653 [main] INFO  testCases.Tc_002_LoginTest - ***Tc_002_LoginTest***
11:49:29.690 [main] INFO  testCases.Tc_002_LoginTest - clicked on login link and page is visible
11:49:31.145 [main] INFO  testCases.Tc_002_LoginTest - clicked on login button
12:02:14.509 [main] INFO  testCases.TC_001_AccountRegistrationTest - ****TC_001_AccountRegistrationTest has started*****
12:02:14.650 [main] INFO  testCases.TC_001_AccountRegistrationTest - First name is entered
12:02:14.804 [main] INFO  testCases.TC_001_AccountRegistrationTest - Last name is entered
12:02:14.963 [main] INFO  testCases.TC_001_AccountRegistrationTest - email is entered
12:02:15.117 [main] INFO  testCases.TC_001_AccountRegistrationTest - Password is set
12:02:15.253 [main] INFO  testCases.TC_001_AccountRegistrationTest - password is confirmed
12:02:15.684 [main] INFO  testCases.TC_001_AccountRegistrationTest - Register button clicked
12:02:19.471 [main] INFO  testCases.Tc_002_LoginTest - ***Tc_002_LoginTest***
12:02:20.621 [main] INFO  testCases.Tc_002_LoginTest - clicked on login link and page is visible
12:02:23.602 [main] INFO  testCases.Tc_002_LoginTest - clicked on login button
12:03:18.343 [main] INFO  testCases.TC_001_AccountRegistrationTest - ****TC_001_AccountRegistrationTest has started*****
12:03:18.486 [main] INFO  testCases.TC_001_AccountRegistrationTest - First name is entered
12:03:18.636 [main] INFO  testCases.TC_001_AccountRegistrationTest - Last name is entered
12:03:18.774 [main] INFO  testCases.TC_001_AccountRegistrationTest - email is entered
12:03:18.894 [main] INFO  testCases.TC_001_AccountRegistrationTest - Password is set
12:03:19.018 [main] INFO  testCases.TC_001_AccountRegistrationTest - password is confirmed
12:03:19.438 [main] INFO  testCases.TC_001_AccountRegistrationTest - Register button clicked
12:04:09.795 [main] INFO  testCases.TC_001_AccountRegistrationTest - ****TC_001_AccountRegistrationTest has started*****
12:04:09.943 [main] INFO  testCases.TC_001_AccountRegistrationTest - First name is entered
12:04:10.097 [main] INFO  testCases.TC_001_AccountRegistrationTest - Last name is entered
12:04:10.235 [main] INFO  testCases.TC_001_AccountRegistrationTest - email is entered
12:04:10.351 [main] INFO  testCases.TC_001_AccountRegistrationTest - Password is set
12:04:10.474 [main] INFO  testCases.TC_001_AccountRegistrationTest - password is confirmed
12:04:11.325 [main] INFO  testCases.TC_001_AccountRegistrationTest - Register button clicked
12:04:11.378 [main] INFO  testCases.TC_001_AccountRegistrationTest - registered
12:04:11.378 [main] INFO  testCases.TC_001_AccountRegistrationTest - ****TC_001_AccountRegistrationTest has finished*****
12:04:17.325 [main] INFO  testCases.Tc_002_LoginTest - ***Tc_002_LoginTest***
12:04:17.950 [main] INFO  testCases.Tc_002_LoginTest - clicked on login link and page is visible
12:04:19.589 [main] INFO  testCases.Tc_002_LoginTest - clicked on login button
14:22:09.856 [main] INFO  testCases.TC_001_AccountRegistrationTest - ****TC_001_AccountRegistrationTest has started*****
14:22:10.069 [main] INFO  testCases.TC_001_AccountRegistrationTest - First name is entered
14:22:10.295 [main] INFO  testCases.TC_001_AccountRegistrationTest - Last name is entered
14:22:10.545 [main] INFO  testCases.TC_001_AccountRegistrationTest - email is entered
14:22:10.697 [main] INFO  testCases.TC_001_AccountRegistrationTest - Password is set
14:22:10.858 [main] INFO  testCases.TC_001_AccountRegistrationTest - password is confirmed
14:22:11.802 [main] INFO  testCases.TC_001_AccountRegistrationTest - Register button clicked
14:22:11.862 [main] INFO  testCases.TC_001_AccountRegistrationTest - registered
14:22:11.862 [main] INFO  testCases.TC_001_AccountRegistrationTest - ****TC_001_AccountRegistrationTest has finished*****
14:22:19.808 [main] INFO  testCases.Tc_002_LoginTest - ***Tc_002_LoginTest***
14:22:20.937 [main] INFO  testCases.Tc_002_LoginTest - clicked on login link and page is visible
14:22:23.102 [main] INFO  testCases.Tc_002_LoginTest - clicked on login button
15:12:08.832 [main] INFO  testCases.TC_001_AccountRegistrationTest - ****TC_001_AccountRegistrationTest has started*****
15:12:09.084 [main] INFO  testCases.TC_001_AccountRegistrationTest - First name is entered
15:12:09.275 [main] INFO  testCases.TC_001_AccountRegistrationTest - Last name is entered
15:12:09.470 [main] INFO  testCases.TC_001_AccountRegistrationTest - email is entered
15:12:09.663 [main] INFO  testCases.TC_001_AccountRegistrationTest - Password is set
15:12:09.832 [main] INFO  testCases.TC_001_AccountRegistrationTest - password is confirmed
15:12:10.895 [main] INFO  testCases.TC_001_AccountRegistrationTest - Register button clicked
15:12:10.963 [main] INFO  testCases.TC_001_AccountRegistrationTest - registered
15:12:10.963 [main] INFO  testCases.TC_001_AccountRegistrationTest - ****TC_001_AccountRegistrationTest has finished*****
15:12:19.479 [main] INFO  testCases.Tc_002_LoginTest - ***Tc_002_LoginTest***
15:12:20.696 [main] INFO  testCases.Tc_002_LoginTest - clicked on login link and page is visible
15:12:23.314 [main] INFO  testCases.Tc_002_LoginTest - clicked on login button
15:22:15.613 [main] INFO  testCases.TC_001_AccountRegistrationTest - ****TC_001_AccountRegistrationTest has started*****
15:22:15.825 [main] INFO  testCases.TC_001_AccountRegistrationTest - First name is entered
15:22:16.050 [main] INFO  testCases.TC_001_AccountRegistrationTest - Last name is entered
15:22:16.242 [main] INFO  testCases.TC_001_AccountRegistrationTest - email is entered
15:22:16.415 [main] INFO  testCases.TC_001_AccountRegistrationTest - Password is set
15:22:16.620 [main] INFO  testCases.TC_001_AccountRegistrationTest - password is confirmed
15:22:17.721 [main] INFO  testCases.TC_001_AccountRegistrationTest - Register button clicked
15:22:23.739 [main] INFO  testCases.Tc_002_LoginTest - ***Tc_002_LoginTest***
15:22:25.124 [main] INFO  testCases.Tc_002_LoginTest - clicked on login link and page is visible
15:22:26.878 [main] INFO  testCases.Tc_002_LoginTest - clicked on login button
13:39:27.800 [main] INFO  testCases.TC_001_AccountRegistrationTest - ****TC_001_AccountRegistrationTest has started*****
13:39:27.940 [main] INFO  testCases.TC_001_AccountRegistrationTest - First name is entered
13:39:28.095 [main] INFO  testCases.TC_001_AccountRegistrationTest - Last name is entered
13:39:28.246 [main] INFO  testCases.TC_001_AccountRegistrationTest - email is entered
13:39:28.369 [main] INFO  testCases.TC_001_AccountRegistrationTest - Password is set
13:39:28.488 [main] INFO  testCases.TC_001_AccountRegistrationTest - password is confirmed
13:39:29.271 [main] INFO  testCases.TC_001_AccountRegistrationTest - Register button clicked
13:39:29.327 [main] INFO  testCases.TC_001_AccountRegistrationTest - registered
13:39:29.328 [main] INFO  testCases.TC_001_AccountRegistrationTest - ****TC_001_AccountRegistrationTest has finished*****
13:39:39.551 [main] INFO  testCases.Tc_002_LoginTest - ***Tc_002_LoginTest***
13:39:40.749 [main] INFO  testCases.Tc_002_LoginTest - clicked on login link and page is visible
13:40:10.060 [main] INFO  testCases.Tc_002_LoginTest - clicked on login button
13:42:00.816 [main] INFO  testCases.TC_001_AccountRegistrationTest - ****TC_001_AccountRegistrationTest has started*****
13:42:00.968 [main] INFO  testCases.TC_001_AccountRegistrationTest - First name is entered
13:42:01.134 [main] INFO  testCases.TC_001_AccountRegistrationTest - Last name is entered
13:42:01.269 [main] INFO  testCases.TC_001_AccountRegistrationTest - email is entered
13:42:01.418 [main] INFO  testCases.TC_001_AccountRegistrationTest - Password is set
13:42:01.575 [main] INFO  testCases.TC_001_AccountRegistrationTest - password is confirmed
13:42:02.017 [main] INFO  testCases.TC_001_AccountRegistrationTest - Register button clicked
13:42:14.197 [main] INFO  testCases.Tc_002_LoginTest - ***Tc_002_LoginTest***
13:42:15.562 [main] INFO  testCases.Tc_002_LoginTest - clicked on login link and page is visible
13:42:31.766 [main] INFO  testCases.Tc_002_LoginTest - clicked on login button
15:08:21.438 [main] INFO  testCases.TC_001_AccountRegistrationTest - ****TC_001_AccountRegistrationTest has started*****
15:08:21.734 [main] INFO  testCases.TC_001_AccountRegistrationTest - First name is entered
15:08:21.917 [main] INFO  testCases.TC_001_AccountRegistrationTest - Last name is entered
15:08:22.099 [main] INFO  testCases.TC_001_AccountRegistrationTest - email is entered
15:08:22.265 [main] INFO  testCases.TC_001_AccountRegistrationTest - Password is set
15:08:22.401 [main] INFO  testCases.TC_001_AccountRegistrationTest - password is confirmed
15:08:23.272 [main] INFO  testCases.TC_001_AccountRegistrationTest - Register button clicked
15:08:23.333 [main] INFO  testCases.TC_001_AccountRegistrationTest - registered
15:08:23.333 [main] INFO  testCases.TC_001_AccountRegistrationTest - ****TC_001_AccountRegistrationTest has finished*****
15:08:30.934 [main] INFO  testCases.Tc_002_LoginTest - ***Tc_002_LoginTest***
15:08:32.033 [main] INFO  testCases.Tc_002_LoginTest - clicked on login link and page is visible
15:08:33.693 [main] INFO  testCases.Tc_002_LoginTest - clicked on login button
15:21:08.949 [main] INFO  testCases.TC_001_AccountRegistrationTest - ****TC_001_AccountRegistrationTest has started*****
15:21:09.090 [main] INFO  testCases.TC_001_AccountRegistrationTest - First name is entered
15:21:09.238 [main] INFO  testCases.TC_001_AccountRegistrationTest - Last name is entered
15:21:09.378 [main] INFO  testCases.TC_001_AccountRegistrationTest - email is entered
15:21:09.496 [main] INFO  testCases.TC_001_AccountRegistrationTest - Password is set
15:21:09.615 [main] INFO  testCases.TC_001_AccountRegistrationTest - password is confirmed
15:21:10.523 [main] INFO  testCases.TC_001_AccountRegistrationTest - Register button clicked
15:21:10.576 [main] INFO  testCases.TC_001_AccountRegistrationTest - registered
15:21:10.577 [main] INFO  testCases.TC_001_AccountRegistrationTest - ****TC_001_AccountRegistrationTest has finished*****
16:03:25.048 [main] INFO  testCases.TC_001_AccountRegistrationTest - ****TC_001_AccountRegistrationTest has started*****
16:03:25.186 [main] INFO  testCases.TC_001_AccountRegistrationTest - First name is entered
16:03:25.332 [main] INFO  testCases.TC_001_AccountRegistrationTest - Last name is entered
16:03:25.468 [main] INFO  testCases.TC_001_AccountRegistrationTest - email is entered
16:03:25.590 [main] INFO  testCases.TC_001_AccountRegistrationTest - Password is set
16:03:25.717 [main] INFO  testCases.TC_001_AccountRegistrationTest - password is confirmed
16:03:26.595 [main] INFO  testCases.TC_001_AccountRegistrationTest - Register button clicked
16:03:26.646 [main] INFO  testCases.TC_001_AccountRegistrationTest - registered
16:03:26.647 [main] INFO  testCases.TC_001_AccountRegistrationTest - ****TC_001_AccountRegistrationTest has finished*****
16:03:34.448 [main] INFO  testCases.Tc_002_LoginTest - ***Tc_002_LoginTest***
16:03:35.493 [main] INFO  testCases.Tc_002_LoginTest - clicked on login link and page is visible
16:03:38.415 [main] INFO  testCases.Tc_002_LoginTest - clicked on login button
